<?xml version="1.0" encoding="UTF-8"?>
<!-- Generated by org.testng.reporters.JUnitXMLReporter -->
<testsuite hostname="Ajay-PC" ignored="0" name="CRM application test cases" tests="11" failures="0" timestamp="14 Oct 2018 12:31:49 GMT" time="289.85" errors="0">
  <testcase name="loginPageTitleTest" time="0.032" classname="com.crm.qa.testcases.LoginPageTest"/>
  <testcase name="verifyHomePageTitleTest" time="0.014" classname="com.crm.qa.testcases.HomePageTest"/>
  <testcase name="verifyContactsLabelTest" time="0.063" classname="com.crm.qa.testcases.ContactsPageTest"/>
  <testcase name="crmLogoTest" time="0.069" classname="com.crm.qa.testcases.LoginPageTest"/>
  <testcase name="verifyCorrectUsernameTest" time="0.143" classname="com.crm.qa.testcases.HomePageTest"/>
  <testcase name="clickUsernameCheckboxTest" time="0.181" classname="com.crm.qa.testcases.ContactsPageTest"/>
  <testcase name="loginTest" time="9.854" classname="com.crm.qa.testcases.LoginPageTest"/>
  <testcase name="clickContactsLink" time="1.739" classname="com.crm.qa.testcases.HomePageTest"/>
  <testcase name="validateCreateNewContactTest" time="7.672" classname="com.crm.qa.testcases.ContactsPageTest"/>
  <testcase name="validateCreateNewContactTest" time="6.56" classname="com.crm.qa.testcases.ContactsPageTest"/>
  <testcase name="validateCreateNewContactTest" time="6.745" classname="com.crm.qa.testcases.ContactsPageTest"/>
</testsuite> <!-- CRM application test cases -->
