<?xml version="1.0" encoding="UTF-8"?>
<!-- Generated by org.testng.reporters.JUnitXMLReporter -->
<testsuite hostname="Ajay-PC" ignored="2" name="Default test" tests="1" failures="0" timestamp="09 Oct 2018 03:36:10 GMT" time="0.76" errors="0">
  <testcase name="validateCreateNewContactTest" time="0.0" classname="com.crm.qa.testcases.ContactsPageTest">
    <skipped/>
  </testcase> <!-- validateCreateNewContactTest -->
  <testcase name="verifyContactsLabelTest" time="0.0" classname="com.crm.qa.testcases.ContactsPageTest">
    <ignored/>
  </testcase> <!-- verifyContactsLabelTest -->
  <testcase name="clickUsernameCheckboxTest" time="0.0" classname="com.crm.qa.testcases.ContactsPageTest">
    <ignored/>
  </testcase> <!-- clickUsernameCheckboxTest -->
</testsuite> <!-- Default test -->
