<?xml version="1.0" encoding="UTF-8"?>
<!-- Generated by org.testng.reporters.JUnitXMLReporter -->
<testsuite hostname="Ajay-PC" ignored="0" name="Command line test" tests="11" failures="0" timestamp="16 Oct 2018 01:28:35 GMT" time="356.035" errors="0">
  <testcase name="verifyContactsLabelTest" time="0.108" classname="com.crm.qa.testcases.ContactsPageTest"/>
  <testcase name="verifyHomePageTitleTest" time="0.01" classname="com.crm.qa.testcases.HomePageTest"/>
  <testcase name="loginPageTitleTest" time="0.011" classname="com.crm.qa.testcases.LoginPageTest"/>
  <testcase name="clickUsernameCheckboxTest" time="5.149" classname="com.crm.qa.testcases.ContactsPageTest"/>
  <testcase name="verifyCorrectUsernameTest" time="0.137" classname="com.crm.qa.testcases.HomePageTest"/>
  <testcase name="crmLogoTest" time="0.071" classname="com.crm.qa.testcases.LoginPageTest"/>
  <testcase name="validateCreateNewContactTest" time="8.272" classname="com.crm.qa.testcases.ContactsPageTest"/>
  <testcase name="validateCreateNewContactTest" time="6.908" classname="com.crm.qa.testcases.ContactsPageTest"/>
  <testcase name="validateCreateNewContactTest" time="7.117" classname="com.crm.qa.testcases.ContactsPageTest"/>
  <testcase name="clickContactsLink" time="2.35" classname="com.crm.qa.testcases.HomePageTest"/>
  <testcase name="loginTest" time="23.557" classname="com.crm.qa.testcases.LoginPageTest"/>
</testsuite> <!-- Command line test -->
